2025-02-28 15:14:21,074 [ERROR] Invalid file count [1-2]: 0
2025-02-28 15:32:43,475 [DEBUG] Arguments are valid: Namespace(input_file_count=2)
2025-02-28 15:32:43,477 [INFO] data\LSE\FLTR.csv
2025-02-28 15:32:43,477 [INFO] data\LSE\GSK.csv
2025-02-28 15:32:43,477 [INFO] data\NASDAQ\TSLA.csv
2025-02-28 15:32:43,478 [INFO] data\NYSE\ASH.csv
2025-02-28 15:32:43,478 [INFO] data\NYSE\NMR.csv
2025-02-28 15:32:43,479 [INFO] mhm
2025-02-28 15:32:56,513 [DEBUG] Arguments are valid: Namespace(input_file_count=2)
2025-02-28 15:32:56,516 [INFO] data\LSE\FLTR.csv
2025-02-28 15:32:56,516 [INFO] data\LSE\GSK.csv
2025-02-28 15:32:56,523 [INFO] data\NASDAQ\TSLA.csv
2025-02-28 15:32:56,523 [INFO] data\NYSE\ASH.csv
2025-02-28 15:32:56,524 [INFO] data\NYSE\NMR.csv
2025-02-28 15:32:56,524 [INFO] mhm
2025-02-28 15:42:37,146 [DEBUG] Arguments are valid: Namespace(input_file_count=2, data_directory_path='data/')
2025-02-28 15:42:37,148 [INFO] data\LSE\FLTR.csv
2025-02-28 15:42:37,149 [INFO] data\LSE\GSK.csv
2025-02-28 15:42:37,149 [INFO] data\NASDAQ\TSLA.csv
2025-02-28 15:42:37,150 [INFO] data\NYSE\ASH.csv
2025-02-28 15:42:37,150 [INFO] data\NYSE\NMR.csv
2025-02-28 15:42:37,151 [INFO] mhm
2025-02-28 15:43:28,007 [DEBUG] Arguments are valid: <bound method _AttributeHolder._get_kwargs of Namespace(input_file_count=2, data_directory_path='data/')>
2025-02-28 15:43:28,009 [INFO] data\LSE\FLTR.csv
2025-02-28 15:43:28,009 [INFO] data\LSE\GSK.csv
2025-02-28 15:43:28,010 [INFO] data\NASDAQ\TSLA.csv
2025-02-28 15:43:28,010 [INFO] data\NYSE\ASH.csv
2025-02-28 15:43:28,011 [INFO] data\NYSE\NMR.csv
2025-02-28 15:43:28,011 [INFO] mhm
2025-02-28 16:00:28,167 [DEBUG] Arguments are valid: Namespace(input_file_count=2, data_directory_path='data/')
2025-02-28 16:00:28,169 [INFO] data\LSE\FLTR.csv
2025-02-28 16:00:28,170 [INFO] data\LSE\GSK.csv
2025-02-28 16:00:28,170 [INFO] data\NASDAQ\TSLA.csv
2025-02-28 16:00:28,171 [INFO] data\NYSE\ASH.csv
2025-02-28 16:00:28,171 [INFO] data\NYSE\NMR.csv
2025-02-28 16:04:16,187 [DEBUG] Arguments are valid: Namespace(input_file_count=2, data_directory_path='data/')
2025-02-28 16:04:16,189 [DEBUG] LSE\FLTR.csv
2025-02-28 16:04:16,189 [DEBUG] LSE\GSK.csv
2025-02-28 16:04:16,190 [DEBUG] NASDAQ\TSLA.csv
2025-02-28 16:04:16,191 [DEBUG] NYSE\ASH.csv
2025-02-28 16:04:16,191 [DEBUG] NYSE\NMR.csv
2025-02-28 16:04:16,191 [INFO] mhm
2025-02-28 16:12:41,405 [DEBUG] Arguments are valid: Namespace(input_file_count=2, data_directory_path='data/')
2025-02-28 16:12:59,215 [DEBUG] Arguments are valid: Namespace(input_file_count=2, data_directory_path='data/')
2025-02-28 16:13:33,928 [DEBUG] Arguments are valid: Namespace(input_file_count=2, data_directory_path='data/')
2025-02-28 16:13:33,930 [DEBUG] Skipping CSV not following path structure: data\LSE\FLTR.csv
2025-02-28 16:13:33,931 [DEBUG] Skipping CSV not following path structure: data\LSE\GSK.csv
2025-02-28 16:13:33,931 [DEBUG] Skipping CSV not following path structure: data\NASDAQ\TSLA.csv
2025-02-28 16:13:33,932 [DEBUG] Skipping CSV not following path structure: data\NYSE\ASH.csv
2025-02-28 16:13:33,932 [DEBUG] Skipping CSV not following path structure: data\NYSE\NMR.csv
2025-02-28 16:13:33,933 [DEBUG] defaultdict(<class 'list'>, {})
2025-02-28 16:13:33,933 [INFO] mhm
2025-02-28 16:13:55,795 [DEBUG] Arguments are valid: Namespace(input_file_count=2, data_directory_path='data/')
2025-02-28 16:13:55,797 [DEBUG] ['LSE\\FLTR.csv']
2025-02-28 16:13:55,798 [DEBUG] Skipping CSV not following path structure: data\LSE\FLTR.csv
2025-02-28 16:13:55,798 [DEBUG] ['LSE\\GSK.csv']
2025-02-28 16:13:55,799 [DEBUG] Skipping CSV not following path structure: data\LSE\GSK.csv
2025-02-28 16:13:55,799 [DEBUG] ['NASDAQ\\TSLA.csv']
2025-02-28 16:13:55,800 [DEBUG] Skipping CSV not following path structure: data\NASDAQ\TSLA.csv
2025-02-28 16:13:55,800 [DEBUG] ['NYSE\\ASH.csv']
2025-02-28 16:13:55,801 [DEBUG] Skipping CSV not following path structure: data\NYSE\ASH.csv
2025-02-28 16:13:55,801 [DEBUG] ['NYSE\\NMR.csv']
2025-02-28 16:13:55,801 [DEBUG] Skipping CSV not following path structure: data\NYSE\NMR.csv
2025-02-28 16:13:55,802 [DEBUG] defaultdict(<class 'list'>, {})
2025-02-28 16:13:55,802 [INFO] mhm
2025-02-28 16:14:37,203 [DEBUG] Arguments are valid: Namespace(input_file_count=2, data_directory_path='data/')
2025-02-28 16:14:57,507 [DEBUG] Arguments are valid: Namespace(input_file_count=2, data_directory_path='data/')
2025-02-28 16:14:57,510 [DEBUG] ['LSE\\FLTR.csv']
2025-02-28 16:14:57,510 [DEBUG] Skipping CSV not following path structure: data\LSE\FLTR.csv
2025-02-28 16:14:57,511 [DEBUG] ['LSE\\GSK.csv']
2025-02-28 16:14:57,511 [DEBUG] Skipping CSV not following path structure: data\LSE\GSK.csv
2025-02-28 16:14:57,512 [DEBUG] ['NASDAQ\\TSLA.csv']
2025-02-28 16:14:57,512 [DEBUG] Skipping CSV not following path structure: data\NASDAQ\TSLA.csv
2025-02-28 16:14:57,513 [DEBUG] ['NYSE\\ASH.csv']
2025-02-28 16:14:57,513 [DEBUG] Skipping CSV not following path structure: data\NYSE\ASH.csv
2025-02-28 16:14:57,513 [DEBUG] ['NYSE\\NMR.csv']
2025-02-28 16:14:57,514 [DEBUG] Skipping CSV not following path structure: data\NYSE\NMR.csv
2025-02-28 16:14:57,514 [DEBUG] defaultdict(<class 'list'>, {})
2025-02-28 16:14:57,514 [INFO] mhm
2025-02-28 16:15:13,901 [DEBUG] Arguments are valid: Namespace(input_file_count=2, data_directory_path='data/')
2025-02-28 16:15:13,903 [DEBUG] ['LSE', 'FLTR.csv']
2025-02-28 16:15:13,904 [DEBUG] Skipping CSV not following path structure: data\LSE\FLTR.csv
2025-02-28 16:15:13,904 [DEBUG] ['LSE', 'GSK.csv']
2025-02-28 16:15:13,905 [DEBUG] Skipping CSV not following path structure: data\LSE\GSK.csv
2025-02-28 16:15:13,905 [DEBUG] ['NASDAQ', 'TSLA.csv']
2025-02-28 16:15:13,905 [DEBUG] Skipping CSV not following path structure: data\NASDAQ\TSLA.csv
2025-02-28 16:15:13,906 [DEBUG] ['NYSE', 'ASH.csv']
2025-02-28 16:15:13,907 [DEBUG] Skipping CSV not following path structure: data\NYSE\ASH.csv
2025-02-28 16:15:13,907 [DEBUG] ['NYSE', 'NMR.csv']
2025-02-28 16:15:13,907 [DEBUG] Skipping CSV not following path structure: data\NYSE\NMR.csv
2025-02-28 16:15:13,908 [DEBUG] defaultdict(<class 'list'>, {})
2025-02-28 16:15:13,908 [INFO] mhm
2025-02-28 16:15:19,708 [DEBUG] Arguments are valid: Namespace(input_file_count=2, data_directory_path='data/')
2025-02-28 16:15:19,710 [DEBUG] ['LSE', 'FLTR.csv']
2025-02-28 16:15:19,710 [DEBUG] Skipping CSV not following path structure: data\LSE\FLTR.csv
2025-02-28 16:15:19,711 [DEBUG] ['LSE', 'GSK.csv']
2025-02-28 16:15:19,711 [DEBUG] Skipping CSV not following path structure: data\LSE\GSK.csv
2025-02-28 16:15:19,712 [DEBUG] ['NASDAQ', 'TSLA.csv']
2025-02-28 16:15:19,712 [DEBUG] Skipping CSV not following path structure: data\NASDAQ\TSLA.csv
2025-02-28 16:15:19,713 [DEBUG] ['NYSE', 'ASH.csv']
2025-02-28 16:15:19,713 [DEBUG] Skipping CSV not following path structure: data\NYSE\ASH.csv
2025-02-28 16:15:19,713 [DEBUG] ['NYSE', 'NMR.csv']
2025-02-28 16:15:19,713 [DEBUG] Skipping CSV not following path structure: data\NYSE\NMR.csv
2025-02-28 16:15:19,714 [DEBUG] defaultdict(<class 'list'>, {})
2025-02-28 16:15:19,714 [INFO] mhm
2025-02-28 16:15:56,323 [DEBUG] Arguments are valid: Namespace(input_file_count=2, data_directory_path='data/')
2025-02-28 16:15:56,326 [DEBUG] ['LSE', 'FLTR.csv']
2025-02-28 16:15:56,327 [DEBUG] Skipping CSV not following path structure: data\LSE\FLTR.csv
2025-02-28 16:15:56,327 [DEBUG] ['LSE', 'GSK.csv']
2025-02-28 16:15:56,327 [DEBUG] Skipping CSV not following path structure: data\LSE\GSK.csv
2025-02-28 16:15:56,328 [DEBUG] ['NASDAQ', 'TSLA.csv']
2025-02-28 16:15:56,328 [DEBUG] Skipping CSV not following path structure: data\NASDAQ\TSLA.csv
2025-02-28 16:15:56,329 [DEBUG] ['NYSE', 'ASH.csv']
2025-02-28 16:15:56,329 [DEBUG] Skipping CSV not following path structure: data\NYSE\ASH.csv
2025-02-28 16:15:56,330 [DEBUG] ['NYSE', 'NMR.csv']
2025-02-28 16:15:56,330 [DEBUG] Skipping CSV not following path structure: data\NYSE\NMR.csv
2025-02-28 16:15:56,331 [DEBUG] defaultdict(<class 'list'>, {})
2025-02-28 16:15:56,331 [INFO] mhm
2025-02-28 16:16:24,468 [DEBUG] Arguments are valid: Namespace(input_file_count=2, data_directory_path='data/')
2025-02-28 16:16:24,470 [DEBUG] ['LSE', 'FLTR.csv']
2025-02-28 16:16:24,470 [DEBUG] ['LSE', 'GSK.csv']
2025-02-28 16:16:24,471 [DEBUG] ['NASDAQ', 'TSLA.csv']
2025-02-28 16:16:24,472 [DEBUG] ['NYSE', 'ASH.csv']
2025-02-28 16:16:24,472 [DEBUG] ['NYSE', 'NMR.csv']
2025-02-28 16:16:24,473 [DEBUG] defaultdict(<class 'list'>, {'LSE': ['data\\LSE\\FLTR.csv', 'data\\LSE\\GSK.csv'], 'NASDAQ': ['data\\NASDAQ\\TSLA.csv'], 'NYSE': ['data\\NYSE\\ASH.csv', 'data\\NYSE\\NMR.csv']})
2025-02-28 16:16:24,473 [INFO] mhm
2025-02-28 16:19:33,843 [DEBUG] Arguments are valid: Namespace(input_file_count=2, data_directory_path='data/')
2025-02-28 16:19:52,040 [DEBUG] Arguments are valid: Namespace(input_file_count=2, data_directory_path='data/')
2025-02-28 16:19:52,042 [DEBUG] defaultdict(<class 'list'>, {'LSE': [], 'NASDAQ': [], 'NYSE': []})
2025-02-28 16:19:52,043 [INFO] mhm
2025-02-28 16:20:07,638 [DEBUG] Arguments are valid: Namespace(input_file_count=2, data_directory_path='data/')
2025-02-28 16:20:07,642 [DEBUG] defaultdict(<class 'list'>, {'LSE': ['data\\LSE\\FLTR.csv', 'data\\LSE\\GSK.csv'], 'NASDAQ': ['data\\NASDAQ\\TSLA.csv'], 'NYSE': ['data\\NYSE\\ASH.csv', 'data\\NYSE\\NMR.csv']})
2025-02-28 16:20:07,642 [INFO] mhm
2025-02-28 16:20:17,960 [DEBUG] Arguments are valid: Namespace(input_file_count=1, data_directory_path='data/')
2025-02-28 16:20:17,962 [DEBUG] defaultdict(<class 'list'>, {'LSE': ['data\\LSE\\FLTR.csv'], 'NASDAQ': ['data\\NASDAQ\\TSLA.csv'], 'NYSE': ['data\\NYSE\\ASH.csv']})
2025-02-28 16:20:17,963 [INFO] mhm
2025-02-28 16:24:27,645 [DEBUG] Arguments are valid: Namespace(input_file_count=2, data_directory_path='data/')
2025-02-28 16:24:27,648 [INFO] Valid CSV files found:
2025-02-28 16:24:27,648 [INFO] 	 ['data\\LSE\\FLTR.csv', 'data\\LSE\\GSK.csv']
2025-02-28 16:24:27,649 [INFO] 	 ['data\\NASDAQ\\TSLA.csv']
2025-02-28 16:24:27,650 [INFO] 	 ['data\\NYSE\\ASH.csv', 'data\\NYSE\\NMR.csv']
2025-02-28 16:24:27,650 [INFO] mhm
